<?xml version="1.0" encoding="UTF-8"?>
<testsuites name="jest tests" tests="94" failures="0" errors="0" time="65.504">
  <testsuite name="userRoute.test.ts" errors="0" failures="0" skipped="0" timestamp="2024-05-28T10:55:25" time="21.345" tests="12">
    <testcase classname=" /api/user getAlleUser" name=" /api/user getAlleUser" time="2.388">
    </testcase>
    <testcase classname=" /api/user/ get by studID" name=" /api/user/ get by studID" time="1.294">
    </testcase>
    <testcase classname=" /api/user/ get by id not found" name=" /api/user/ get by id not found" time="1.035">
    </testcase>
    <testcase classname=" /api/user/ get by email" name=" /api/user/ get by email" time="0.915">
    </testcase>
    <testcase classname=" /api/user/:identifier error handling" name=" /api/user/:identifier error handling" time="0.848">
    </testcase>
    <testcase classname=" /api/user/" name=" /api/user/" time="1.047">
    </testcase>
    <testcase classname=" /api/user/:id create User fail" name=" /api/user/:id create User fail" time="0.854">
    </testcase>
    <testcase classname=" /api/user/:id update User" name=" /api/user/:id update User" time="1.203">
    </testcase>
    <testcase classname=" /api/user/:id update User id not found" name=" /api/user/:id update User id not found" time="0.818">
    </testcase>
    <testcase classname=" /api/user/:id delete User" name=" /api/user/:id delete User" time="1.16">
    </testcase>
    <testcase classname=" /api/user/:id delete User id not found" name=" /api/user/:id delete User id not found" time="1.017">
    </testcase>
    <testcase classname=" /api/user/ create User Medieninformatik and test for moduls" name=" /api/user/ create User Medieninformatik and test for moduls" time="5.422">
    </testcase>
  </testsuite>
  <testsuite name="UserService.test.ts" errors="0" failures="0" skipped="0" timestamp="2024-05-28T10:55:48" time="10.913" tests="18">
    <testcase classname=" UserService.test getAlleUser" name=" UserService.test getAlleUser" time="0.86">
    </testcase>
    <testcase classname=" UserService.test createUser " name=" UserService.test createUser " time="1.119">
    </testcase>
    <testcase classname=" UserService.test getOneUser by studentId(number)" name=" UserService.test getOneUser by studentId(number)" time="0.655">
    </testcase>
    <testcase classname=" UserService.test getOneUser by email" name=" UserService.test getOneUser by email" time="0.517">
    </testcase>
    <testcase classname=" UserService.test Create User with minimal data" name=" UserService.test Create User with minimal data" time="0.57">
    </testcase>
    <testcase classname=" UserService.test deleteUser" name=" UserService.test deleteUser" time="0.497">
    </testcase>
    <testcase classname=" UserService.test create user without password" name=" UserService.test create user without password" time="0.307">
    </testcase>
    <testcase classname=" UserService.test createUser with same studentId" name=" UserService.test createUser with same studentId" time="0.404">
    </testcase>
    <testcase classname=" UserService.test createUser with same email" name=" UserService.test createUser with same email" time="0.417">
    </testcase>
    <testcase classname=" UserService.test createUser with empty name" name=" UserService.test createUser with empty name" time="0.349">
    </testcase>
    <testcase classname=" UserService.test updateUser name" name=" UserService.test updateUser name" time="0.5">
    </testcase>
    <testcase classname=" UserService.test updateUser name + password" name=" UserService.test updateUser name + password" time="0.708">
    </testcase>
    <testcase classname=" UserService.test updateUser with empty name" name=" UserService.test updateUser with empty name" time="0.393">
    </testcase>
    <testcase classname=" UserService.test getUser with wrong studentID" name=" UserService.test getUser with wrong studentID" time="0.289">
    </testcase>
    <testcase classname=" UserService.test deleteUser not found" name=" UserService.test deleteUser not found" time="0.375">
    </testcase>
    <testcase classname=" UserService.test getOneUser without studentId and email must fail" name=" UserService.test getOneUser without studentId and email must fail" time="0.33">
    </testcase>
    <testcase classname=" UserService.test updateUser not found" name=" UserService.test updateUser not found" time="0.5">
    </testcase>
    <testcase classname=" UserService.test deleteUser not found" name=" UserService.test deleteUser not found" time="0.293">
    </testcase>
  </testsuite>
  <testsuite name="modulRoute.test.ts" errors="0" failures="0" skipped="0" timestamp="2024-05-28T10:55:59" time="7.016" tests="3">
    <testcase classname=" /api/modul getAlleModule" name=" /api/modul getAlleModule" time="2.371">
    </testcase>
    <testcase classname=" /api/modul updateModulesByModuleNameAndUserId" name=" /api/modul updateModulesByModuleNameAndUserId" time="2">
    </testcase>
    <testcase classname=" /api/modul calculateModuleSummary" name=" /api/modul calculateModuleSummary" time="1.818">
    </testcase>
  </testsuite>
  <testsuite name="UserHash.test.ts" errors="0" failures="0" skipped="0" timestamp="2024-05-28T10:56:07" time="3.913" tests="10">
    <testcase classname=" UserHash.test. Passwort wird korrekt gehasht" name=" UserHash.test. Passwort wird korrekt gehasht" time="0.39">
    </testcase>
    <testcase classname=" UserHash.test.js Passwort Änderung" name=" UserHash.test.js Passwort Änderung" time="0.593">
    </testcase>
    <testcase classname=" UserHash.test.js Passwort bleibt unverändert, wenn nicht geändert" name=" UserHash.test.js Passwort bleibt unverändert, wenn nicht geändert" time="0.368">
    </testcase>
    <testcase classname=" UserHash.test.js isCorrectPassword gibt true für korrektes Passwort" name=" UserHash.test.js isCorrectPassword gibt true für korrektes Passwort" time="0.322">
    </testcase>
    <testcase classname=" UserHash.test.js isCorrectPassword gibt false für ungültiges Passwort" name=" UserHash.test.js isCorrectPassword gibt false für ungültiges Passwort" time="0.298">
    </testcase>
    <testcase classname=" UserHash.test.js User kann nicht mit leerem Passwort erstellt werden" name=" UserHash.test.js User kann nicht mit leerem Passwort erstellt werden" time="0.182">
    </testcase>
    <testcase classname=" UserHash.test.js isCorrectPassword gibt false wenn falsches Passwort bei gespeichertem User eingegeben wird" name=" UserHash.test.js isCorrectPassword gibt false wenn falsches Passwort bei gespeichertem User eingegeben wird" time="0.303">
    </testcase>
    <testcase classname=" UserHash.test.js isCorrectPassword gibt false wenn der Passworthash bei gespeichertem User eingegeben wird" name=" UserHash.test.js isCorrectPassword gibt false wenn der Passworthash bei gespeichertem User eingegeben wird" time="0.155">
    </testcase>
    <testcase classname=" UserHash.test.js isCorrectPassword gibt fehler wenn der Passwortänderung nicht gespeichert wird" name=" UserHash.test.js isCorrectPassword gibt fehler wenn der Passwortänderung nicht gespeichert wird" time="0.27">
    </testcase>
    <testcase classname=" UserHash.test.js isCorrectPassword gibt false wenn kein Passwort und kein Passwort eingegeben wird" name=" UserHash.test.js isCorrectPassword gibt false wenn kein Passwort und kein Passwort eingegeben wird" time="0.259">
    </testcase>
  </testsuite>
  <testsuite name="ModulListService.test.ts" errors="0" failures="0" skipped="0" timestamp="2024-05-28T10:56:11" time="3.262" tests="9">
    <testcase classname=" ModulListService.test createModulList" name=" ModulListService.test createModulList" time="0.383">
    </testcase>
    <testcase classname=" ModulListService.test deleteModulList" name=" ModulListService.test deleteModulList" time="0.301">
    </testcase>
    <testcase classname=" ModulListService.test updateModulList with list.id" name=" ModulListService.test updateModulList with list.id" time="0.318">
    </testcase>
    <testcase classname=" ModulListService.test updateModulList with creator" name=" ModulListService.test updateModulList with creator" time="0.286">
    </testcase>
    <testcase classname=" ModulListService.test updateModulList with studentId" name=" ModulListService.test updateModulList with studentId" time="0.287">
    </testcase>
    <testcase classname=" ModulListService.test getModulList" name=" ModulListService.test getModulList" time="0.286">
    </testcase>
    <testcase classname=" ModulListService.test createModulList without datum throws error" name=" ModulListService.test createModulList without datum throws error" time="0.242">
    </testcase>
    <testcase classname=" ModulListService.test createModulList without studentId throws error" name=" ModulListService.test createModulList without studentId throws error" time="0.248">
    </testcase>
    <testcase classname=" ModulListService.test getModulList allCredits" name=" ModulListService.test getModulList allCredits" time="0.34">
    </testcase>
  </testsuite>
  <testsuite name="UserServiceLoadModuls.test.ts" errors="0" failures="0" skipped="0" timestamp="2024-05-28T10:56:14" time="3.042" tests="1">
    <testcase classname=" Load Module UserService" name=" Load Module UserService" time="2.438">
    </testcase>
  </testsuite>
  <testsuite name="AuthenticationService.test.ts" errors="0" failures="0" skipped="0" timestamp="2024-05-28T10:56:17" time="2.679" tests="7">
    <testcase classname=" AuthenticationService.test Loggin Password correct" name=" AuthenticationService.test Loggin Password correct" time="0.396">
    </testcase>
    <testcase classname=" AuthenticationService.test Loggin Password not correct" name=" AuthenticationService.test Loggin Password not correct" time="0.285">
    </testcase>
    <testcase classname=" AuthenticationService.test Loggin User not found" name=" AuthenticationService.test Loggin User not found" time="0.167">
    </testcase>
    <testcase classname=" AuthenticationService.test Loggin Password not found" name=" AuthenticationService.test Loggin Password not found" time="0.167">
    </testcase>
    <testcase classname=" AuthenticationService.test Loggin Admin" name=" AuthenticationService.test Loggin Admin" time="0.423">
    </testcase>
    <testcase classname=" AuthenticationService.test Loggin User" name=" AuthenticationService.test Loggin User" time="0.291">
    </testcase>
    <testcase classname=" AuthenticationService.test Loggin Default" name=" AuthenticationService.test Loggin Default" time="0.283">
    </testcase>
  </testsuite>
  <testsuite name="UserModel.test.ts" errors="0" failures="0" skipped="0" timestamp="2024-05-28T10:56:20" time="2.079" tests="11">
    <testcase classname=" UserModel.test createUser" name=" UserModel.test createUser" time="0.199">
    </testcase>
    <testcase classname=" UserModel.test createUser twice same name" name=" UserModel.test createUser twice same name" time="0.248">
    </testcase>
    <testcase classname=" UserModel.test createUser twice same studentId must fail" name=" UserModel.test createUser twice same studentId must fail" time="0.125">
    </testcase>
    <testcase classname=" UserModel.test createUser without password must fail" name=" UserModel.test createUser without password must fail" time="0.013">
    </testcase>
    <testcase classname=" UserModel.test find user by name" name=" UserModel.test find user by name" time="0.141">
    </testcase>
    <testcase classname=" UserModel.test studentId must min 6 chars" name=" UserModel.test studentId must min 6 chars" time="0.021">
    </testcase>
    <testcase classname=" UserModel.test change name without studentId must fail" name=" UserModel.test change name without studentId must fail" time="0.13">
    </testcase>
    <testcase classname=" UserModel.test change name with findOneandUpdate" name=" UserModel.test change name with findOneandUpdate" time="0.163">
    </testcase>
    <testcase classname=" UserModel.test change name with updateOne" name=" UserModel.test change name with updateOne" time="0.171">
    </testcase>
    <testcase classname=" UserModel.test change name without studentId with updateOne must fail" name=" UserModel.test change name without studentId with updateOne must fail" time="0.15">
    </testcase>
    <testcase classname=" UserModel.test Create User with minimal data" name=" UserModel.test Create User with minimal data" time="0.144">
    </testcase>
  </testsuite>
  <testsuite name="loginRoute.test.ts" errors="0" failures="0" skipped="0" timestamp="2024-05-28T10:56:22" time="1.498" tests="2">
    <testcase classname=" /api/login login with correct credentials" name=" /api/login login with correct credentials" time="0.436">
    </testcase>
    <testcase classname=" /api/login login with wrong credentials" name=" /api/login login with wrong credentials" time="0.294">
    </testcase>
  </testsuite>
  <testsuite name="ModulListModel.test.ts" errors="0" failures="0" skipped="0" timestamp="2024-05-28T10:56:24" time="1.589" tests="4">
    <testcase classname=" ModulList.test create ModulList" name=" ModulList.test create ModulList" time="0.281">
    </testcase>
    <testcase classname=" ModulList.test remove ModulList" name=" ModulList.test remove ModulList" time="0.169">
    </testcase>
    <testcase classname=" ModulList.test change ModulList" name=" ModulList.test change ModulList" time="0.195">
    </testcase>
    <testcase classname=" ModulList.test change ModulList without date" name=" ModulList.test change ModulList without date" time="0.17">
    </testcase>
  </testsuite>
  <testsuite name="ModulModel.test.ts" errors="0" failures="0" skipped="0" timestamp="2024-05-28T10:56:25" time="1.54" tests="4">
    <testcase classname=" Modul.test create Modul" name=" Modul.test create Modul" time="0.295">
    </testcase>
    <testcase classname=" Modul.test remove Modul" name=" Modul.test remove Modul" time="0.175">
    </testcase>
    <testcase classname=" Modul.test change Modul" name=" Modul.test change Modul" time="0.194">
    </testcase>
    <testcase classname=" Modul.test change Modul without creditpoints" name=" Modul.test change Modul without creditpoints" time="0.188">
    </testcase>
  </testsuite>
  <testsuite name="ServiceHelper.test.ts" errors="0" failures="0" skipped="0" timestamp="2024-05-28T10:56:27" time="0.544" tests="12">
    <testcase classname=" dateToString zweistellig" name=" dateToString zweistellig" time="0.007">
    </testcase>
    <testcase classname=" dateToString einstellig" name=" dateToString einstellig" time="0.003">
    </testcase>
    <testcase classname=" stringToDate zweistellig" name=" stringToDate zweistellig" time="0.002">
    </testcase>
    <testcase classname=" stringToDate einstellig mit Null" name=" stringToDate einstellig mit Null" time="0.001">
    </testcase>
    <testcase classname=" stringToDate einstellig ohne Null" name=" stringToDate einstellig ohne Null" time="0.001">
    </testcase>
    <testcase classname=" isEmail test@bht-berlin.de" name=" isEmail test@bht-berlin.de" time="0.003">
    </testcase>
    <testcase classname=" isEmail test2@bht-berlin.de" name=" isEmail test2@bht-berlin.de" time="0.002">
    </testcase>
    <testcase classname=" isEmail test3@bht-berlin.de" name=" isEmail test3@bht-berlin.de" time="0.002">
    </testcase>
    <testcase classname=" isEmail invalid@domain.com" name=" isEmail invalid@domain.com" time="0.001">
    </testcase>
    <testcase classname=" isEmail another-invalid-email" name=" isEmail another-invalid-email" time="0.002">
    </testcase>
    <testcase classname=" isEmail @bht-berlin.de" name=" isEmail @bht-berlin.de" time="0.002">
    </testcase>
    <testcase classname=" isEmail test@bht-berlin" name=" isEmail test@bht-berlin" time="0.002">
    </testcase>
  </testsuite>
  <testsuite name="test.test.ts" errors="0" failures="0" skipped="0" timestamp="2024-05-28T10:56:28" time="0.61" tests="1">
    <testcase classname=" test" name=" test" time="0.003">
    </testcase>
  </testsuite>
</testsuites>