<?xml version="1.0" encoding="UTF-8"?>
<testsuites name="jest tests" tests="104" failures="0" errors="0" time="81.893">
  <testsuite name="userRoute.test.ts" errors="0" failures="0" skipped="0" timestamp="2024-05-28T11:29:33" time="21.088" tests="12">
    <testcase classname=" /api/user getAlleUser" name=" /api/user getAlleUser" time="1.065">
    </testcase>
    <testcase classname=" /api/user/ get by studID" name=" /api/user/ get by studID" time="0.634">
    </testcase>
    <testcase classname=" /api/user/ get by id not found" name=" /api/user/ get by id not found" time="0.701">
    </testcase>
    <testcase classname=" /api/user/ get by email" name=" /api/user/ get by email" time="0.815">
    </testcase>
    <testcase classname=" /api/user/:identifier error handling" name=" /api/user/:identifier error handling" time="0.702">
    </testcase>
    <testcase classname=" /api/user/" name=" /api/user/" time="0.769">
    </testcase>
    <testcase classname=" /api/user/:id create User fail" name=" /api/user/:id create User fail" time="0.712">
    </testcase>
    <testcase classname=" /api/user/:id update User" name=" /api/user/:id update User" time="1.005">
    </testcase>
    <testcase classname=" /api/user/:id update User id not found" name=" /api/user/:id update User id not found" time="0.646">
    </testcase>
    <testcase classname=" /api/user/:id delete User" name=" /api/user/:id delete User" time="0.799">
    </testcase>
    <testcase classname=" /api/user/:id delete User id not found" name=" /api/user/:id delete User id not found" time="0.616">
    </testcase>
    <testcase classname=" /api/user/ create User Medieninformatik and test for moduls" name=" /api/user/ create User Medieninformatik and test for moduls" time="2.915">
    </testcase>
  </testsuite>
  <testsuite name="modulRoute.test.ts" errors="0" failures="0" skipped="0" timestamp="2024-05-28T11:29:54" time="12.338" tests="3">
    <testcase classname=" /api/modul getAlleModule" name=" /api/modul getAlleModule" time="4.838">
    </testcase>
    <testcase classname=" /api/modul updateModulesByModuleNameAndUserId" name=" /api/modul updateModulesByModuleNameAndUserId" time="2.025">
    </testcase>
    <testcase classname=" /api/modul calculateModuleSummary" name=" /api/modul calculateModuleSummary" time="1.827">
    </testcase>
  </testsuite>
  <testsuite name="ModulService.test.ts" errors="0" failures="0" skipped="0" timestamp="2024-05-28T11:30:07" time="10.752" tests="10">
    <testcase classname=" ModulService.test getAlleModule create many Modul into modullist" name=" ModulService.test getAlleModule create many Modul into modullist" time="0.652">
    </testcase>
    <testcase classname=" ModulService.test updateModule by list to solved" name=" ModulService.test updateModule by list to solved" time="3.396">
    </testcase>
    <testcase classname=" ModulService.test calculateSolvedModuls" name=" ModulService.test calculateSolvedModuls" time="2.74">
    </testcase>
    <testcase classname=" ModulService.test getalleModule liste error" name=" ModulService.test getalleModule liste error" time="0.182">
    </testcase>
    <testcase classname=" ModulService.test getalleModule listeID error" name=" ModulService.test getalleModule listeID error" time="0.17">
    </testcase>
    <testcase classname=" ModulService.test getModul with wrong id" name=" ModulService.test getModul with wrong id" time="0.2">
    </testcase>
    <testcase classname=" ModulService.test createModul without user" name=" ModulService.test createModul without user" time="0.185">
    </testcase>
    <testcase classname=" ModulService.test createModul with valid user but no list" name=" ModulService.test createModul with valid user but no list" time="0.337">
    </testcase>
    <testcase classname=" ModulService.test updateModul successfully" name=" ModulService.test updateModul successfully" time="0.338">
    </testcase>
    <testcase classname=" ModulService.test updateModul with invalid id" name=" ModulService.test updateModul with invalid id" time="0.184">
    </testcase>
  </testsuite>
  <testsuite name="UserService.test.ts" errors="0" failures="0" skipped="0" timestamp="2024-05-28T11:30:19" time="9.39" tests="18">
    <testcase classname=" UserService.test getAlleUser" name=" UserService.test getAlleUser" time="0.532">
    </testcase>
    <testcase classname=" UserService.test createUser " name=" UserService.test createUser " time="0.495">
    </testcase>
    <testcase classname=" UserService.test getOneUser by studentId(number)" name=" UserService.test getOneUser by studentId(number)" time="0.401">
    </testcase>
    <testcase classname=" UserService.test getOneUser by email" name=" UserService.test getOneUser by email" time="0.35">
    </testcase>
    <testcase classname=" UserService.test Create User with minimal data" name=" UserService.test Create User with minimal data" time="0.46">
    </testcase>
    <testcase classname=" UserService.test deleteUser" name=" UserService.test deleteUser" time="0.455">
    </testcase>
    <testcase classname=" UserService.test create user without password" name=" UserService.test create user without password" time="0.294">
    </testcase>
    <testcase classname=" UserService.test createUser with same studentId" name=" UserService.test createUser with same studentId" time="0.42">
    </testcase>
    <testcase classname=" UserService.test createUser with same email" name=" UserService.test createUser with same email" time="0.387">
    </testcase>
    <testcase classname=" UserService.test createUser with empty name" name=" UserService.test createUser with empty name" time="0.269">
    </testcase>
    <testcase classname=" UserService.test updateUser name" name=" UserService.test updateUser name" time="0.356">
    </testcase>
    <testcase classname=" UserService.test updateUser name + password" name=" UserService.test updateUser name + password" time="0.596">
    </testcase>
    <testcase classname=" UserService.test updateUser with empty name" name=" UserService.test updateUser with empty name" time="0.403">
    </testcase>
    <testcase classname=" UserService.test getUser with wrong studentID" name=" UserService.test getUser with wrong studentID" time="0.259">
    </testcase>
    <testcase classname=" UserService.test deleteUser not found" name=" UserService.test deleteUser not found" time="0.247">
    </testcase>
    <testcase classname=" UserService.test getOneUser without studentId and email must fail" name=" UserService.test getOneUser without studentId and email must fail" time="0.245">
    </testcase>
    <testcase classname=" UserService.test updateUser not found" name=" UserService.test updateUser not found" time="0.442">
    </testcase>
    <testcase classname=" UserService.test deleteUser not found" name=" UserService.test deleteUser not found" time="0.269">
    </testcase>
  </testsuite>
  <testsuite name="UserHash.test.ts" errors="0" failures="0" skipped="0" timestamp="2024-05-28T11:30:28" time="4.532" tests="10">
    <testcase classname=" UserHash.test. Passwort wird korrekt gehasht" name=" UserHash.test. Passwort wird korrekt gehasht" time="0.392">
    </testcase>
    <testcase classname=" UserHash.test.js Passwort Änderung" name=" UserHash.test.js Passwort Änderung" time="0.555">
    </testcase>
    <testcase classname=" UserHash.test.js Passwort bleibt unverändert, wenn nicht geändert" name=" UserHash.test.js Passwort bleibt unverändert, wenn nicht geändert" time="0.311">
    </testcase>
    <testcase classname=" UserHash.test.js isCorrectPassword gibt true für korrektes Passwort" name=" UserHash.test.js isCorrectPassword gibt true für korrektes Passwort" time="0.282">
    </testcase>
    <testcase classname=" UserHash.test.js isCorrectPassword gibt false für ungültiges Passwort" name=" UserHash.test.js isCorrectPassword gibt false für ungültiges Passwort" time="0.275">
    </testcase>
    <testcase classname=" UserHash.test.js User kann nicht mit leerem Passwort erstellt werden" name=" UserHash.test.js User kann nicht mit leerem Passwort erstellt werden" time="0.142">
    </testcase>
    <testcase classname=" UserHash.test.js isCorrectPassword gibt false wenn falsches Passwort bei gespeichertem User eingegeben wird" name=" UserHash.test.js isCorrectPassword gibt false wenn falsches Passwort bei gespeichertem User eingegeben wird" time="0.251">
    </testcase>
    <testcase classname=" UserHash.test.js isCorrectPassword gibt false wenn der Passworthash bei gespeichertem User eingegeben wird" name=" UserHash.test.js isCorrectPassword gibt false wenn der Passworthash bei gespeichertem User eingegeben wird" time="0.134">
    </testcase>
    <testcase classname=" UserHash.test.js isCorrectPassword gibt fehler wenn der Passwortänderung nicht gespeichert wird" name=" UserHash.test.js isCorrectPassword gibt fehler wenn der Passwortänderung nicht gespeichert wird" time="0.248">
    </testcase>
    <testcase classname=" UserHash.test.js isCorrectPassword gibt false wenn kein Passwort und kein Passwort eingegeben wird" name=" UserHash.test.js isCorrectPassword gibt false wenn kein Passwort und kein Passwort eingegeben wird" time="0.239">
    </testcase>
  </testsuite>
  <testsuite name="UserServiceLoadModuls.test.ts" errors="0" failures="0" skipped="0" timestamp="2024-05-28T11:30:33" time="3.767" tests="1">
    <testcase classname=" Load Module UserService" name=" Load Module UserService" time="2.448">
    </testcase>
  </testsuite>
  <testsuite name="ModulListService.test.ts" errors="0" failures="0" skipped="0" timestamp="2024-05-28T11:30:37" time="4.023" tests="9">
    <testcase classname=" ModulListService.test createModulList" name=" ModulListService.test createModulList" time="0.455">
    </testcase>
    <testcase classname=" ModulListService.test deleteModulList" name=" ModulListService.test deleteModulList" time="0.316">
    </testcase>
    <testcase classname=" ModulListService.test updateModulList with list.id" name=" ModulListService.test updateModulList with list.id" time="0.301">
    </testcase>
    <testcase classname=" ModulListService.test updateModulList with creator" name=" ModulListService.test updateModulList with creator" time="0.291">
    </testcase>
    <testcase classname=" ModulListService.test updateModulList with studentId" name=" ModulListService.test updateModulList with studentId" time="0.303">
    </testcase>
    <testcase classname=" ModulListService.test getModulList" name=" ModulListService.test getModulList" time="0.286">
    </testcase>
    <testcase classname=" ModulListService.test createModulList without datum throws error" name=" ModulListService.test createModulList without datum throws error" time="0.237">
    </testcase>
    <testcase classname=" ModulListService.test createModulList without studentId throws error" name=" ModulListService.test createModulList without studentId throws error" time="0.227">
    </testcase>
    <testcase classname=" ModulListService.test getModulList allCredits" name=" ModulListService.test getModulList allCredits" time="0.275">
    </testcase>
  </testsuite>
  <testsuite name="AuthenticationService.test.ts" errors="0" failures="0" skipped="0" timestamp="2024-05-28T11:30:41" time="3.276" tests="7">
    <testcase classname=" AuthenticationService.test Loggin Password correct" name=" AuthenticationService.test Loggin Password correct" time="0.363">
    </testcase>
    <testcase classname=" AuthenticationService.test Loggin Password not correct" name=" AuthenticationService.test Loggin Password not correct" time="0.256">
    </testcase>
    <testcase classname=" AuthenticationService.test Loggin User not found" name=" AuthenticationService.test Loggin User not found" time="0.131">
    </testcase>
    <testcase classname=" AuthenticationService.test Loggin Password not found" name=" AuthenticationService.test Loggin Password not found" time="0.134">
    </testcase>
    <testcase classname=" AuthenticationService.test Loggin Admin" name=" AuthenticationService.test Loggin Admin" time="0.339">
    </testcase>
    <testcase classname=" AuthenticationService.test Loggin User" name=" AuthenticationService.test Loggin User" time="0.225">
    </testcase>
    <testcase classname=" AuthenticationService.test Loggin Default" name=" AuthenticationService.test Loggin Default" time="0.221">
    </testcase>
  </testsuite>
  <testsuite name="UserModel.test.ts" errors="0" failures="0" skipped="0" timestamp="2024-05-28T11:30:44" time="2.508" tests="11">
    <testcase classname=" UserModel.test createUser" name=" UserModel.test createUser" time="0.192">
    </testcase>
    <testcase classname=" UserModel.test createUser twice same name" name=" UserModel.test createUser twice same name" time="0.231">
    </testcase>
    <testcase classname=" UserModel.test createUser twice same studentId must fail" name=" UserModel.test createUser twice same studentId must fail" time="0.125">
    </testcase>
    <testcase classname=" UserModel.test createUser without password must fail" name=" UserModel.test createUser without password must fail" time="0.014">
    </testcase>
    <testcase classname=" UserModel.test find user by name" name=" UserModel.test find user by name" time="0.128">
    </testcase>
    <testcase classname=" UserModel.test studentId must min 6 chars" name=" UserModel.test studentId must min 6 chars" time="0.013">
    </testcase>
    <testcase classname=" UserModel.test change name without studentId must fail" name=" UserModel.test change name without studentId must fail" time="0.118">
    </testcase>
    <testcase classname=" UserModel.test change name with findOneandUpdate" name=" UserModel.test change name with findOneandUpdate" time="0.125">
    </testcase>
    <testcase classname=" UserModel.test change name with updateOne" name=" UserModel.test change name with updateOne" time="0.141">
    </testcase>
    <testcase classname=" UserModel.test change name without studentId with updateOne must fail" name=" UserModel.test change name without studentId with updateOne must fail" time="0.133">
    </testcase>
    <testcase classname=" UserModel.test Create User with minimal data" name=" UserModel.test Create User with minimal data" time="0.123">
    </testcase>
  </testsuite>
  <testsuite name="ModulListModel.test.ts" errors="0" failures="0" skipped="0" timestamp="2024-05-28T11:30:47" time="1.847" tests="4">
    <testcase classname=" ModulList.test create ModulList" name=" ModulList.test create ModulList" time="0.239">
    </testcase>
    <testcase classname=" ModulList.test remove ModulList" name=" ModulList.test remove ModulList" time="0.158">
    </testcase>
    <testcase classname=" ModulList.test change ModulList" name=" ModulList.test change ModulList" time="0.147">
    </testcase>
    <testcase classname=" ModulList.test change ModulList without date" name=" ModulList.test change ModulList without date" time="0.125">
    </testcase>
  </testsuite>
  <testsuite name="ModulModel.test.ts" errors="0" failures="0" skipped="0" timestamp="2024-05-28T11:30:49" time="2.213" tests="4">
    <testcase classname=" Modul.test create Modul" name=" Modul.test create Modul" time="0.268">
    </testcase>
    <testcase classname=" Modul.test remove Modul" name=" Modul.test remove Modul" time="0.168">
    </testcase>
    <testcase classname=" Modul.test change Modul" name=" Modul.test change Modul" time="0.169">
    </testcase>
    <testcase classname=" Modul.test change Modul without creditpoints" name=" Modul.test change Modul without creditpoints" time="0.16">
    </testcase>
  </testsuite>
  <testsuite name="loginRoute.test.ts" errors="0" failures="0" skipped="0" timestamp="2024-05-28T11:30:51" time="2.035" tests="2">
    <testcase classname=" /api/login login with correct credentials" name=" /api/login login with correct credentials" time="0.405">
    </testcase>
    <testcase classname=" /api/login login with wrong credentials" name=" /api/login login with wrong credentials" time="0.245">
    </testcase>
  </testsuite>
  <testsuite name="test.test.ts" errors="0" failures="0" skipped="0" timestamp="2024-05-28T11:30:53" time="0.407" tests="1">
    <testcase classname=" test" name=" test" time="0.002">
    </testcase>
  </testsuite>
  <testsuite name="ServiceHelper.test.ts" errors="0" failures="0" skipped="0" timestamp="2024-05-28T11:30:54" time="0.642" tests="12">
    <testcase classname=" dateToString zweistellig" name=" dateToString zweistellig" time="0.004">
    </testcase>
    <testcase classname=" dateToString einstellig" name=" dateToString einstellig" time="0.002">
    </testcase>
    <testcase classname=" stringToDate zweistellig" name=" stringToDate zweistellig" time="0.002">
    </testcase>
    <testcase classname=" stringToDate einstellig mit Null" name=" stringToDate einstellig mit Null" time="0.001">
    </testcase>
    <testcase classname=" stringToDate einstellig ohne Null" name=" stringToDate einstellig ohne Null" time="0.001">
    </testcase>
    <testcase classname=" isEmail test@bht-berlin.de" name=" isEmail test@bht-berlin.de" time="0.002">
    </testcase>
    <testcase classname=" isEmail test2@bht-berlin.de" name=" isEmail test2@bht-berlin.de" time="0.002">
    </testcase>
    <testcase classname=" isEmail test3@bht-berlin.de" name=" isEmail test3@bht-berlin.de" time="0.001">
    </testcase>
    <testcase classname=" isEmail invalid@domain.com" name=" isEmail invalid@domain.com" time="0.001">
    </testcase>
    <testcase classname=" isEmail another-invalid-email" name=" isEmail another-invalid-email" time="0.001">
    </testcase>
    <testcase classname=" isEmail @bht-berlin.de" name=" isEmail @bht-berlin.de" time="0.001">
    </testcase>
    <testcase classname=" isEmail test@bht-berlin" name=" isEmail test@bht-berlin" time="0.001">
    </testcase>
  </testsuite>
</testsuites>