<?xml version="1.0" encoding="UTF-8"?>
<testsuites name="jest tests" tests="23" failures="0" errors="0" time="15.232">
  <testsuite name="UserHash.test.ts" errors="0" failures="0" skipped="0" timestamp="2024-05-05T16:45:17" time="8.434" tests="10">
    <testcase classname=" UserHash.test. Passwort wird korrekt gehasht" name=" UserHash.test. Passwort wird korrekt gehasht" time="0.658">
    </testcase>
    <testcase classname=" UserHash.test.js Passwort Änderung" name=" UserHash.test.js Passwort Änderung" time="0.857">
    </testcase>
    <testcase classname=" UserHash.test.js Passwort bleibt unverändert, wenn nicht geändert" name=" UserHash.test.js Passwort bleibt unverändert, wenn nicht geändert" time="0.406">
    </testcase>
    <testcase classname=" UserHash.test.js isCorrectPassword gibt true für korrektes Passwort" name=" UserHash.test.js isCorrectPassword gibt true für korrektes Passwort" time="0.317">
    </testcase>
    <testcase classname=" UserHash.test.js isCorrectPassword gibt false für ungültiges Passwort" name=" UserHash.test.js isCorrectPassword gibt false für ungültiges Passwort" time="0.316">
    </testcase>
    <testcase classname=" UserHash.test.js User kann nicht mit leerem Passwort erstellt werden" name=" UserHash.test.js User kann nicht mit leerem Passwort erstellt werden" time="0.163">
    </testcase>
    <testcase classname=" UserHash.test.js isCorrectPassword gibt false wenn falsches Passwort bei gespeichertem User eingegeben wird" name=" UserHash.test.js isCorrectPassword gibt false wenn falsches Passwort bei gespeichertem User eingegeben wird" time="0.287">
    </testcase>
    <testcase classname=" UserHash.test.js isCorrectPassword gibt false wenn der Passworthash bei gespeichertem User eingegeben wird" name=" UserHash.test.js isCorrectPassword gibt false wenn der Passworthash bei gespeichertem User eingegeben wird" time="0.179">
    </testcase>
    <testcase classname=" UserHash.test.js isCorrectPassword gibt fehler wenn der Passwortänderung nicht gespeichert wird" name=" UserHash.test.js isCorrectPassword gibt fehler wenn der Passwortänderung nicht gespeichert wird" time="0.33">
    </testcase>
    <testcase classname=" UserHash.test.js isCorrectPassword gibt false wenn kein Passwort und kein Passwort eingegeben wird" name=" UserHash.test.js isCorrectPassword gibt false wenn kein Passwort und kein Passwort eingegeben wird" time="0.309">
    </testcase>
  </testsuite>
  <testsuite name="UserModel.test.ts" errors="0" failures="0" skipped="0" timestamp="2024-05-05T16:45:26" time="3.242" tests="10">
    <testcase classname=" UserModel.test createUser" name=" UserModel.test createUser" time="0.29">
    </testcase>
    <testcase classname=" UserModel.test createUser twice same name" name=" UserModel.test createUser twice same name" time="0.348">
    </testcase>
    <testcase classname=" UserModel.test createUser twice same studentId must fail" name=" UserModel.test createUser twice same studentId must fail" time="0.189">
    </testcase>
    <testcase classname=" UserModel.test createUser without password must fail" name=" UserModel.test createUser without password must fail" time="0.026">
    </testcase>
    <testcase classname=" UserModel.test find user by name" name=" UserModel.test find user by name" time="0.197">
    </testcase>
    <testcase classname=" UserModel.test studentId must min 6 chars" name=" UserModel.test studentId must min 6 chars" time="0.043">
    </testcase>
    <testcase classname=" UserModel.test change name without studentId must fail" name=" UserModel.test change name without studentId must fail" time="0.24">
    </testcase>
    <testcase classname=" UserModel.test change name with findOneandUpdate" name=" UserModel.test change name with findOneandUpdate" time="0.431">
    </testcase>
    <testcase classname=" UserModel.test change name with updateOne" name=" UserModel.test change name with updateOne" time="0.405">
    </testcase>
    <testcase classname=" UserModel.test change name without studentId with updateOne must fail" name=" UserModel.test change name without studentId with updateOne must fail" time="0.288">
    </testcase>
  </testsuite>
  <testsuite name="UserService.test.ts" errors="0" failures="0" skipped="0" timestamp="2024-05-05T16:45:29" time="2.119" tests="2">
    <testcase classname=" UserService.test getAlleUser" name=" UserService.test getAlleUser" time="0.513">
    </testcase>
    <testcase classname=" UserService.test createUser " name=" UserService.test createUser " time="0.745">
    </testcase>
  </testsuite>
  <testsuite name="test.test.ts" errors="0" failures="0" skipped="0" timestamp="2024-05-05T16:45:32" time="0.806" tests="1">
    <testcase classname=" test" name=" test" time="0.006">
    </testcase>
  </testsuite>
</testsuites>